# JRE version: OpenJDK Runtime Environment (8.0_76-b03) (build 1.8.0_76-release-b03)
# Java VM: OpenJDK 64-Bit Server VM (25.76-b03 mixed mode linux-amd64 compressed oops)
Heap:
 PSYoungGen      total 144384K, used 20476K [0x00000000d7180000, 0x00000000e1580000, 0x0000000100000000)
  eden space 123904K, 0% used [0x00000000d7180000,0x00000000d7180000,0x00000000dea80000)
  from space 20480K, 99% used [0x00000000dea80000,0x00000000dfe7f240,0x00000000dfe80000)
  to   space 17408K, 0% used [0x00000000dfe80000,0x00000000dfe80000,0x00000000e0f80000)
 ParOldGen       total 84992K, used 31132K [0x0000000085400000, 0x000000008a700000, 0x00000000d7180000)
  object space 84992K, 36% used [0x0000000085400000,0x00000000872673f8,0x000000008a700000)
 Metaspace       used 3660K, capacity 5144K, committed 5376K, reserved 1056768K
  class space    used 377K, capacity 456K, committed 512K, reserved 1048576K
GC Heap History (10 events):
Event: 1.233 GC heap after
Heap after GC invocations=2 (full 0):
 PSYoungGen      total 36864K, used 5102K [0x00000000d7180000, 0x00000000db980000, 0x0000000100000000)
  eden space 31744K, 0% used [0x00000000d7180000,0x00000000d7180000,0x00000000d9080000)
  from space 5120K, 99% used [0x00000000d9580000,0x00000000d9a7ba60,0x00000000d9a80000)
  to   space 5120K, 0% used [0x00000000d9080000,0x00000000d9080000,0x00000000d9580000)
 ParOldGen       total 84992K, used 1058K [0x0000000085400000, 0x000000008a700000, 0x00000000d7180000)
  object space 84992K, 1% used [0x0000000085400000,0x00000000855088c0,0x000000008a700000)
 Metaspace       used 3651K, capacity 5144K, committed 5376K, reserved 1056768K
  class space    used 376K, capacity 456K, committed 512K, reserved 1048576K
}
Event: 1.343 GC heap before
{Heap before GC invocations=3 (full 0):
 PSYoungGen      total 36864K, used 36846K [0x00000000d7180000, 0x00000000db980000, 0x0000000100000000)
  eden space 31744K, 100% used [0x00000000d7180000,0x00000000d9080000,0x00000000d9080000)
  from space 5120K, 99% used [0x00000000d9580000,0x00000000d9a7ba60,0x00000000d9a80000)
  to   space 5120K, 0% used [0x00000000d9080000,0x00000000d9080000,0x00000000d9580000)
 ParOldGen       total 84992K, used 1058K [0x0000000085400000, 0x000000008a700000, 0x00000000d7180000)
  object space 84992K, 1% used [0x0000000085400000,0x00000000855088c0,0x000000008a700000)
 Metaspace       used 3652K, capacity 5144K, committed 5376K, reserved 1056768K
  class space    used 376K, capacity 456K, committed 512K, reserved 1048576K
Event: 1.359 GC heap after
Heap after GC invocations=3 (full 0):
 PSYoungGen      total 36864K, used 5088K [0x00000000d7180000, 0x00000000db980000, 0x0000000100000000)
  eden space 31744K, 0% used [0x00000000d7180000,0x00000000d7180000,0x00000000d9080000)
  from space 5120K, 99% used [0x00000000d9080000,0x00000000d9578050,0x00000000d9580000)
  to   space 5120K, 0% used [0x00000000db480000,0x00000000db480000,0x00000000db980000)
 ParOldGen       total 84992K, used 4003K [0x0000000085400000, 0x000000008a700000, 0x00000000d7180000)
  object space 84992K, 4% used [0x0000000085400000,0x00000000857e8db8,0x000000008a700000)
 Metaspace       used 3652K, capacity 5144K, committed 5376K, reserved 1056768K
  class space    used 376K, capacity 456K, committed 512K, reserved 1048576K
}
Event: 1.455 GC heap before
{Heap before GC invocations=4 (full 0):
 PSYoungGen      total 36864K, used 36832K [0x00000000d7180000, 0x00000000db980000, 0x0000000100000000)
  eden space 31744K, 100% used [0x00000000d7180000,0x00000000d9080000,0x00000000d9080000)
  from space 5120K, 99% used [0x00000000d9080000,0x00000000d9578050,0x00000000d9580000)
  to   space 5120K, 0% used [0x00000000db480000,0x00000000db480000,0x00000000db980000)
 ParOldGen       total 84992K, used 4003K [0x0000000085400000, 0x000000008a700000, 0x00000000d7180000)
  object space 84992K, 4% used [0x0000000085400000,0x00000000857e8db8,0x000000008a700000)
 Metaspace       used 3656K, capacity 5144K, committed 5376K, reserved 1056768K
  class space    used 376K, capacity 456K, committed 512K, reserved 1048576K
Event: 1.475 GC heap after
Heap after GC invocations=4 (full 0):
 PSYoungGen      total 68608K, used 5104K [0x00000000d7180000, 0x00000000db980000, 0x0000000100000000)
  eden space 63488K, 0% used [0x00000000d7180000,0x00000000d7180000,0x00000000daf80000)
  from space 5120K, 99% used [0x00000000db480000,0x00000000db97c040,0x00000000db980000)
  to   space 5120K, 0% used [0x00000000daf80000,0x00000000daf80000,0x00000000db480000)
 ParOldGen       total 84992K, used 8615K [0x0000000085400000, 0x000000008a700000, 0x00000000d7180000)
  object space 84992K, 10% used [0x0000000085400000,0x0000000085c69fc8,0x000000008a700000)
 Metaspace       used 3656K, capacity 5144K, committed 5376K, reserved 1056768K
  class space    used 376K, capacity 456K, committed 512K, reserved 1048576K
}
Event: 1.694 GC heap before
{Heap before GC invocations=5 (full 0):
 PSYoungGen      total 68608K, used 68592K [0x00000000d7180000, 0x00000000db980000, 0x0000000100000000)
  eden space 63488K, 100% used [0x00000000d7180000,0x00000000daf80000,0x00000000daf80000)
  from space 5120K, 99% used [0x00000000db480000,0x00000000db97c040,0x00000000db980000)
  to   space 5120K, 0% used [0x00000000daf80000,0x00000000daf80000,0x00000000db480000)
 ParOldGen       total 84992K, used 8615K [0x0000000085400000, 0x000000008a700000, 0x00000000d7180000)
  object space 84992K, 10% used [0x0000000085400000,0x0000000085c69fc8,0x000000008a700000)
 Metaspace       used 3656K, capacity 5144K, committed 5376K, reserved 1056768K
  class space    used 376K, capacity 456K, committed 512K, reserved 1048576K
Event: 1.733 GC heap after
Heap after GC invocations=5 (full 0):
 PSYoungGen      total 68608K, used 5108K [0x00000000d7180000, 0x00000000e0f80000, 0x0000000100000000)
  eden space 63488K, 0% used [0x00000000d7180000,0x00000000d7180000,0x00000000daf80000)
  from space 5120K, 99% used [0x00000000daf80000,0x00000000db47d040,0x00000000db480000)
  to   space 17408K, 0% used [0x00000000dfe80000,0x00000000dfe80000,0x00000000e0f80000)
 ParOldGen       total 84992K, used 20251K [0x0000000085400000, 0x000000008a700000, 0x00000000d7180000)
  object space 84992K, 23% used [0x0000000085400000,0x00000000867c6e50,0x000000008a700000)
 Metaspace       used 3656K, capacity 5144K, committed 5376K, reserved 1056768K
  class space    used 376K, capacity 456K, committed 512K, reserved 1048576K
}
Event: 1.952 GC heap before
{Heap before GC invocations=6 (full 0):
 PSYoungGen      total 68608K, used 68596K [0x00000000d7180000, 0x00000000e0f80000, 0x0000000100000000)
  eden space 63488K, 100% used [0x00000000d7180000,0x00000000daf80000,0x00000000daf80000)
  from space 5120K, 99% used [0x00000000daf80000,0x00000000db47d040,0x00000000db480000)
  to   space 17408K, 0% used [0x00000000dfe80000,0x00000000dfe80000,0x00000000e0f80000)
 ParOldGen       total 84992K, used 20251K [0x0000000085400000, 0x000000008a700000, 0x00000000d7180000)
  object space 84992K, 23% used [0x0000000085400000,0x00000000867c6e50,0x000000008a700000)
 Metaspace       used 3656K, capacity 5144K, committed 5376K, reserved 1056768K
  class space    used 376K, capacity 456K, committed 512K, reserved 1048576K
Event: 2.009 GC heap after
Heap after GC invocations=6 (full 0):
 PSYoungGen      total 141312K, used 16547K [0x00000000d7180000, 0x00000000e1580000, 0x0000000100000000)
  eden space 123904K, 0% used [0x00000000d7180000,0x00000000d7180000,0x00000000dea80000)
  from space 17408K, 95% used [0x00000000dfe80000,0x00000000e0ea8c00,0x00000000e0f80000)
  to   space 20480K, 0% used [0x00000000dea80000,0x00000000dea80000,0x00000000dfe80000)
 ParOldGen       total 84992K, used 20251K [0x0000000085400000, 0x000000008a700000, 0x00000000d7180000)
  object space 84992K, 23% used [0x0000000085400000,0x00000000867c6e50,0x000000008a700000)
 Metaspace       used 3656K, capacity 5144K, committed 5376K, reserved 1056768K
  class space    used 376K, capacity 456K, committed 512K, reserved 1048576K
}
Event: 2.490 GC heap before
{Heap before GC invocations=7 (full 0):
 PSYoungGen      total 141312K, used 140451K [0x00000000d7180000, 0x00000000e1580000, 0x0000000100000000)
  eden space 123904K, 100% used [0x00000000d7180000,0x00000000dea80000,0x00000000dea80000)
  from space 17408K, 95% used [0x00000000dfe80000,0x00000000e0ea8c00,0x00000000e0f80000)
  to   space 20480K, 0% used [0x00000000dea80000,0x00000000dea80000,0x00000000dfe80000)
 ParOldGen       total 84992K, used 20251K [0x0000000085400000, 0x000000008a700000, 0x00000000d7180000)
  object space 84992K, 23% used [0x0000000085400000,0x00000000867c6e50,0x000000008a700000)
 Metaspace       used 3660K, capacity 5144K, committed 5376K, reserved 1056768K
  class space    used 377K, capacity 456K, committed 512K, reserved 1048576K

